platforms/android/build/outputs/logs/manifest-merger-release-report.txt
-- Merging decision tree log ---
manifest
ADDED from platforms/android/AndroidManifest.xml:2:1-29:12
	package
		ADDED from platforms/android/AndroidManifest.xml:2:98-136
		INJECTED from platforms/android/AndroidManifest.xml
		INJECTED from platforms/android/AndroidManifest.xml
	android:versionName
		ADDED from platforms/android/AndroidManifest.xml:2:70-97
		INJECTED from platforms/android/AndroidManifest.xml
		INJECTED from platforms/android/AndroidManifest.xml
	android:hardwareAccelerated
		ADDED from platforms/android/AndroidManifest.xml:2:11-45
	android:versionCode
		ADDED from platforms/android/AndroidManifest.xml:2:46-69
		INJECTED from platforms/android/AndroidManifest.xml
		INJECTED from platforms/android/AndroidManifest.xml
	xmlns:android
		ADDED from platforms/android/AndroidManifest.xml:2:137-195
supports-screens
ADDED from platforms/android/AndroidManifest.xml:3:3-188
	android:largeScreens
		ADDED from platforms/android/AndroidManifest.xml:3:47-74
	android:smallScreens
		ADDED from platforms/android/AndroidManifest.xml:3:130-157
	android:normalScreens
		ADDED from platforms/android/AndroidManifest.xml:3:75-103
	android:xlargeScreens
		ADDED from platforms/android/AndroidManifest.xml:3:158-186
	android:resizeable
		ADDED from platforms/android/AndroidManifest.xml:3:104-129
	android:anyDensity
		ADDED from platforms/android/AndroidManifest.xml:3:21-46
uses-permission#android.permission.INTERNET
ADDED from platforms/android/AndroidManifest.xml:4:3-64
	android:name
		ADDED from platforms/android/AndroidManifest.xml:4:20-62
application
ADDED from platforms/android/AndroidManifest.xml:5:3-27:17
MERGED from [com.facebook.android:facebook-android-sdk:4.23.0] AndroidManifest.xml:28:5-48:19
MERGED from [com.android.support:appcompat-v7:25.3.1] AndroidManifest.xml:29:5-20
MERGED from [com.android.support:support-v4:25.3.1] AndroidManifest.xml:29:5-20
MERGED from [com.android.support:support-fragment:25.3.1] AndroidManifest.xml:29:5-20
MERGED from [com.android.support:support-media-compat:25.3.1] AndroidManifest.xml:29:5-20
MERGED from [com.android.support:support-core-ui:25.3.1] AndroidManifest.xml:29:5-20
MERGED from [com.android.support:support-core-utils:25.3.1] AndroidManifest.xml:29:5-20
MERGED from [com.android.support:animated-vector-drawable:25.3.1] AndroidManifest.xml:26:5-20
MERGED from [com.android.support:support-vector-drawable:25.3.1] AndroidManifest.xml:26:5-20
MERGED from [com.android.support:cardview-v7:25.3.1] AndroidManifest.xml:26:5-20
MERGED from [com.android.support:customtabs:25.3.1] AndroidManifest.xml:26:5-20
MERGED from [com.android.support:support-compat:25.3.1] AndroidManifest.xml:29:5-20
	android:label
		ADDED from platforms/android/AndroidManifest.xml:5:79-111
	android:supportsRtl
		ADDED from platforms/android/AndroidManifest.xml:5:112-138
	android:hardwareAccelerated
		ADDED from platforms/android/AndroidManifest.xml:5:16-50
	android:icon
		ADDED from platforms/android/AndroidManifest.xml:5:51-78
activity#com.groovesoftware.fellowapp.MainActivity
ADDED from platforms/android/AndroidManifest.xml:6:5-23:16
	android:label
		ADDED from platforms/android/AndroidManifest.xml:6:93-130
	android:launchMode
		ADDED from platforms/android/AndroidManifest.xml:6:131-161
	android:windowSoftInputMode
		ADDED from platforms/android/AndroidManifest.xml:6:253-295
	android:configChanges
		ADDED from platforms/android/AndroidManifest.xml:6:15-92
	android:theme
		ADDED from platforms/android/AndroidManifest.xml:6:190-252
	android:name
		ADDED from platforms/android/AndroidManifest.xml:6:162-189
intent-filter#android.intent.action.MAIN+android.intent.category.LAUNCHER
ADDED from platforms/android/AndroidManifest.xml:7:7-10:23
	android:label
		ADDED from platforms/android/AndroidManifest.xml:7:22-59
action#android.intent.action.MAIN
ADDED from platforms/android/AndroidManifest.xml:8:9-60
	android:name
		ADDED from platforms/android/AndroidManifest.xml:8:17-58
category#android.intent.category.LAUNCHER
ADDED from platforms/android/AndroidManifest.xml:9:9-68
	android:name
		ADDED from platforms/android/AndroidManifest.xml:9:19-66
intent-filter#android.intent.action.VIEW+android.intent.category.BROWSABLE+android.intent.category.DEFAULT
ADDED from platforms/android/AndroidManifest.xml:11:7-16:23
	android:autoVerify
		ADDED from platforms/android/AndroidManifest.xml:11:22-47
action#android.intent.action.VIEW
ADDED from platforms/android/AndroidManifest.xml:12:9-60
	android:name
		ADDED from platforms/android/AndroidManifest.xml:12:17-58
category#android.intent.category.DEFAULT
ADDED from platforms/android/AndroidManifest.xml:13:9-67
	android:name
		ADDED from platforms/android/AndroidManifest.xml:13:19-65
category#android.intent.category.BROWSABLE
ADDED from platforms/android/AndroidManifest.xml:14:9-69
	android:name
		ADDED from platforms/android/AndroidManifest.xml:14:19-67
data
ADDED from platforms/android/AndroidManifest.xml:15:9-80
	android:host
		ADDED from platforms/android/AndroidManifest.xml:15:15-55
	android:scheme
		ADDED from platforms/android/AndroidManifest.xml:15:56-78
activity#com.facebook.FacebookActivity
ADDED from platforms/android/AndroidManifest.xml:24:5-181
MERGED from [com.facebook.android:facebook-android-sdk:4.23.0] AndroidManifest.xml:29:9-32:66
	android:label
		ADDED from platforms/android/AndroidManifest.xml:24:99-134
	android:configChanges
		ADDED from platforms/android/AndroidManifest.xml:24:15-98
	android:theme
		ADDED from [com.facebook.android:facebook-android-sdk:4.23.0] AndroidManifest.xml:32:13-63
	android:name
		ADDED from platforms/android/AndroidManifest.xml:24:135-179
meta-data#com.facebook.sdk.ApplicationId
ADDED from platforms/android/AndroidManifest.xml:25:5-97
	android:value
		ADDED from platforms/android/AndroidManifest.xml:25:62-95
	android:name
		ADDED from platforms/android/AndroidManifest.xml:25:16-61
meta-data#com.facebook.sdk.ApplicationName
ADDED from platforms/android/AndroidManifest.xml:26:5-101
	android:value
		ADDED from platforms/android/AndroidManifest.xml:26:64-99
	android:name
		ADDED from platforms/android/AndroidManifest.xml:26:16-63
uses-sdk
ADDED from platforms/android/AndroidManifest.xml:28:3-71
MERGED from [com.facebook.android:facebook-android-sdk:4.23.0] AndroidManifest.xml:24:5-26:41
MERGED from [com.android.support:appcompat-v7:25.3.1] AndroidManifest.xml:21:5-23:78
MERGED from [com.android.support:support-v4:25.3.1] AndroidManifest.xml:21:5-23:54
MERGED from [com.android.support:support-fragment:25.3.1] AndroidManifest.xml:21:5-23:60
MERGED from [com.android.support:support-media-compat:25.3.1] AndroidManifest.xml:21:5-23:63
MERGED from [com.android.support:support-core-ui:25.3.1] AndroidManifest.xml:21:5-23:58
MERGED from [com.android.support:support-core-utils:25.3.1] AndroidManifest.xml:21:5-23:61
MERGED from [com.android.support:animated-vector-drawable:25.3.1] AndroidManifest.xml:20:5-44
MERGED from [com.android.support:support-vector-drawable:25.3.1] AndroidManifest.xml:20:5-43
MERGED from [com.android.support:cardview-v7:25.3.1] AndroidManifest.xml:20:5-43
MERGED from [com.android.support:customtabs:25.3.1] AndroidManifest.xml:20:5-44
MERGED from [com.android.support:support-compat:25.3.1] AndroidManifest.xml:21:5-23:58
MERGED from [org.apache.cordova:CordovaLib:6.2.3:release] AndroidManifest.xml:25:5-44
	tools:overrideLibrary
		ADDED from [com.android.support:appcompat-v7:25.3.1] AndroidManifest.xml:23:9-75
	android:targetSdkVersion
		ADDED from platforms/android/AndroidManifest.xml:28:40-69
	android:minSdkVersion
		ADDED from platforms/android/AndroidManifest.xml:28:13-39
		INJECTED from platforms/android/AndroidManifest.xml
		INJECTED from platforms/android/AndroidManifest.xml
activity#com.facebook.CustomTabMainActivity
ADDED from [com.facebook.android:facebook-android-sdk:4.23.0] AndroidManifest.xml:33:9-71
	android:name
		ADDED from [com.facebook.android:facebook-android-sdk:4.23.0] AndroidManifest.xml:33:19-68
provider#com.facebook.internal.FacebookInitProvider
ADDED from [com.facebook.android:facebook-android-sdk:4.23.0] AndroidManifest.xml:44:9-47:40
	android:authorities
		ADDED from [com.facebook.android:facebook-android-sdk:4.23.0] AndroidManifest.xml:46:13-72
	android:exported
		ADDED from [com.facebook.android:facebook-android-sdk:4.23.0] AndroidManifest.xml:47:13-37
	android:name
		ADDED from [com.facebook.android:facebook-android-sdk:4.23.0] AndroidManifest.xml:45:13-70
meta-data#android.support.VERSION
ADDED from [com.android.support:appcompat-v7:25.3.1] AndroidManifest.xml:25:5-27:34
MERGED from [com.android.support:support-v4:25.3.1] AndroidManifest.xml:25:5-27:34
MERGED from [com.android.support:support-fragment:25.3.1] AndroidManifest.xml:25:5-27:34
MERGED from [com.android.support:support-media-compat:25.3.1] AndroidManifest.xml:25:5-27:34
MERGED from [com.android.support:support-core-ui:25.3.1] AndroidManifest.xml:25:5-27:34
MERGED from [com.android.support:support-core-utils:25.3.1] AndroidManifest.xml:25:5-27:34
MERGED from [com.android.support:animated-vector-drawable:25.3.1] AndroidManifest.xml:22:5-24:34
MERGED from [com.android.support:support-vector-drawable:25.3.1] AndroidManifest.xml:22:5-24:34
MERGED from [com.android.support:cardview-v7:25.3.1] AndroidManifest.xml:22:5-24:34
MERGED from [com.android.support:customtabs:25.3.1] AndroidManifest.xml:22:5-24:34
MERGED from [com.android.support:support-compat:25.3.1] AndroidManifest.xml:25:5-27:34
	android:value
		ADDED from [com.android.support:appcompat-v7:25.3.1] AndroidManifest.xml:27:9-31
	android:name
		ADDED from [com.android.support:appcompat-v7:25.3.1] AndroidManifest.xml:26:9-47